<?xml version="1.0" encoding="UTF-8"?>
<!-- Generated by org.testng.reporters.JUnitReportReporter -->
<testsuite hostname="LAPTOP-IAPIA240" failures="0" tests="1" name="com.languageLine.testCases.TC_VoiceOfTheCustomer_NegativeTests" time="13.709" errors="0" timestamp="03 Jun 2024 16:43:33 GMT" skipped="0">
  <testcase classname="com.languageLine.testCases.TC_VoiceOfTheCustomer_NegativeTests" name="clickGetAQuoteButton" time="13.709"/>
</testsuite> <!-- com.languageLine.testCases.TC_VoiceOfTheCustomer_NegativeTests -->
