<?xml version="1.0" encoding="UTF-8"?>
<!-- Generated by org.testng.reporters.JUnitReportReporter -->
<testsuite hostname="LAPTOP-IAPIA240" failures="0" tests="1" name="com.languageLine.testCases.TC_VoiceOfTheCustomer_NegativeTests" time="14.460" errors="0" timestamp="11 Jun 2024 02:51:28 GMT" skipped="0">
  <testcase classname="com.languageLine.testCases.TC_VoiceOfTheCustomer_NegativeTests" name="clickGetAQuoteButton" time="14.460"/>
</testsuite> <!-- com.languageLine.testCases.TC_VoiceOfTheCustomer_NegativeTests -->
